[16:48:29] [WRN] Warning: External tilesets not supported yet.
[16:48:29] [WRN] Warning: External tilesets not supported yet.
[16:48:29] [WRN] Warning: External tilesets not supported yet.
[16:48:29] [WRN] Warning: External tilesets not supported yet.
[16:48:29] [WRN] Warning: External tilesets not supported yet.
[16:48:29] [WRN] Warning: External tilesets not supported yet.
[16:48:29] [WRN] Warning: External tilesets not supported yet.
[16:48:29] [WRN] Warning: External tilesets not supported yet.
[16:48:29] [WRN] Warning: External tilesets not supported yet.
[16:48:29] [WRN] Warning: External tilesets not supported yet.
[16:48:29] [WRN] Warning: External tilesets not supported yet.
[16:48:29] [WRN] Warning: External tilesets not supported yet.
[16:48:29] [WRN] Warning: External tilesets not supported yet.
[16:48:29] [WRN] Unknown targetmode  assuming being.
[16:48:29] [WRN] Item Manager: Item ID: -1 is invalid in items.xml, and will be ignored.
[16:48:29] [WRN] Item Manager: Item ID: -2 is invalid in items.xml, and will be ignored.
[16:48:29] [WRN] Item Manager: Item ID: -3 is invalid in items.xml, and will be ignored.
[16:48:29] [WRN] Item Manager: Item ID: -4 is invalid in items.xml, and will be ignored.
[16:48:29] [WRN] Item Manager: Item ID: -5 is invalid in items.xml, and will be ignored.
[16:48:29] [WRN] Item Manager: Item ID: -6 is invalid in items.xml, and will be ignored.
[16:48:29] [WRN] Item Manager: Item ID: -7 is invalid in items.xml, and will be ignored.
[16:48:29] [WRN] Item Manager: Item ID: -8 is invalid in items.xml, and will be ignored.
[16:48:29] [WRN] Item Manager: Item ID: -9 is invalid in items.xml, and will be ignored.
[16:48:29] [WRN] Item Manager: Item ID: -10 is invalid in items.xml, and will be ignored.
[16:48:29] [WRN] Item Manager: Item ID: -11 is invalid in items.xml, and will be ignored.
[16:48:29] [WRN] Item Manager: Item ID: -12 is invalid in items.xml, and will be ignored.
[16:48:29] [WRN] Item Manager: Item ID: -13 is invalid in items.xml, and will be ignored.
[16:48:29] [WRN] Item Manager: Item ID: -14 is invalid in items.xml, and will be ignored.
[16:48:29] [WRN] Item Manager: Item ID: -15 is invalid in items.xml, and will be ignored.
[16:48:29] [WRN] Item Manager: Item ID: -16 is invalid in items.xml, and will be ignored.
[16:48:29] [WRN] Item Manager: Item ID: -100 is invalid in items.xml, and will be ignored.
[16:48:29] [WRN] Couldn't find monster Black scorpion for spawn area
[16:48:29] [WRN] Couldn't find monster Scorpion for spawn area
[16:50:51] [WRN] Unknown damage type '-1'!
[16:50:52] [WRN] Unknown damage type '-1'!
[16:50:54] [WRN] Unknown damage type '-1'!
[16:50:55] [WRN] Unknown damage type '-1'!
[16:50:57] [WRN] Unknown damage type '-1'!
[16:50:59] [WRN] Unknown damage type '-1'!
[16:53:18] [WRN] Unknown damage type '-1'!
[16:53:20] [WRN] Unknown damage type '-1'!
[16:53:21] [WRN] Unknown damage type '-1'!
